{"C:\\xampp2\\htdocs\\code interviews\\rtcamp\\src\\App.js": {"path":"C:\\xampp2\\htdocs\\code interviews\\rtcamp\\src\\App.js","statementMap":{"0":{"start":{"line":8,"column":12},"end":{"line":38,"column":1}},"1":{"start":{"line":11,"column":28},"end":{"line":11,"column":56}},"2":{"start":{"line":13,"column":20},"end":{"line":13,"column":54}},"3":{"start":{"line":14,"column":8},"end":{"line":14,"column":46}},"4":{"start":{"line":16,"column":32},"end":{"line":16,"column":44}},"5":{"start":{"line":17,"column":30},"end":{"line":17,"column":42}},"6":{"start":{"line":18,"column":4},"end":{"line":22,"column":11}},"7":{"start":{"line":19,"column":23},"end":{"line":19,"column":74}},"8":{"start":{"line":20,"column":8},"end":{"line":20,"column":41}},"9":{"start":{"line":21,"column":8},"end":{"line":21,"column":78}},"10":{"start":{"line":24,"column":4},"end":{"line":37,"column":5}}},"fnMap":{"0":{"name":"(anonymous_0)","decl":{"start":{"line":8,"column":12},"end":{"line":8,"column":13}},"loc":{"start":{"line":8,"column":18},"end":{"line":38,"column":1}},"line":8},"1":{"name":"handleEventClick","decl":{"start":{"line":10,"column":13},"end":{"line":10,"column":29}},"loc":{"start":{"line":10,"column":35},"end":{"line":15,"column":5}},"line":10},"2":{"name":"(anonymous_2)","decl":{"start":{"line":18,"column":14},"end":{"line":18,"column":15}},"loc":{"start":{"line":18,"column":26},"end":{"line":22,"column":5}},"line":18}},"branchMap":{},"s":{"0":1,"1":0,"2":0,"3":0,"4":3,"5":3,"6":3,"7":1,"8":1,"9":1,"10":3},"f":{"0":3,"1":0,"2":1},"b":{},"_coverageSchema":"1a1c01bbd47fc00a2c39e90264f33305004495a9","hash":"51e8c494ffadbf1538821d87f97a712f80e89d80"}
,"C:\\xampp2\\htdocs\\code interviews\\rtcamp\\src\\EventDetails.js": {"path":"C:\\xampp2\\htdocs\\code interviews\\rtcamp\\src\\EventDetails.js","statementMap":{"0":{"start":{"line":5,"column":21},"end":{"line":43,"column":1}},"1":{"start":{"line":6,"column":27},"end":{"line":6,"column":50}},"2":{"start":{"line":8,"column":1},"end":{"line":17,"column":21}},"3":{"start":{"line":9,"column":2},"end":{"line":16,"column":3}},"4":{"start":{"line":10,"column":3},"end":{"line":15,"column":4}},"5":{"start":{"line":11,"column":15},"end":{"line":11,"column":83}},"6":{"start":{"line":12,"column":4},"end":{"line":12,"column":62}},"7":{"start":{"line":14,"column":4},"end":{"line":14,"column":60}},"8":{"start":{"line":19,"column":1},"end":{"line":42,"column":2}}},"fnMap":{"0":{"name":"(anonymous_0)","decl":{"start":{"line":5,"column":21},"end":{"line":5,"column":22}},"loc":{"start":{"line":5,"column":44},"end":{"line":43,"column":1}},"line":5},"1":{"name":"(anonymous_1)","decl":{"start":{"line":8,"column":11},"end":{"line":8,"column":12}},"loc":{"start":{"line":8,"column":23},"end":{"line":17,"column":2}},"line":8}},"branchMap":{"0":{"loc":{"start":{"line":9,"column":2},"end":{"line":16,"column":3}},"type":"if","locations":[{"start":{"line":9,"column":2},"end":{"line":16,"column":3}},{"start":{},"end":{}}],"line":9},"1":{"loc":{"start":{"line":10,"column":3},"end":{"line":15,"column":4}},"type":"if","locations":[{"start":{"line":10,"column":3},"end":{"line":15,"column":4}},{"start":{"line":13,"column":10},"end":{"line":15,"column":4}}],"line":10},"2":{"loc":{"start":{"line":10,"column":7},"end":{"line":10,"column":72}},"type":"binary-expr","locations":[{"start":{"line":10,"column":7},"end":{"line":10,"column":35}},{"start":{"line":10,"column":39},"end":{"line":10,"column":72}}],"line":10},"3":{"loc":{"start":{"line":22,"column":4},"end":{"line":38,"column":10}},"type":"cond-expr","locations":[{"start":{"line":22,"column":37},"end":{"line":22,"column":91}},{"start":{"line":23,"column":4},"end":{"line":38,"column":10}}],"line":22}},"s":{"0":2,"1":7,"2":7,"3":3,"4":2,"5":1,"6":1,"7":1,"8":7},"f":{"0":7,"1":3},"b":{"0":[2,1],"1":[1,1],"2":[2,1],"3":[3,4]},"_coverageSchema":"1a1c01bbd47fc00a2c39e90264f33305004495a9","hash":"2181138e236c395c6e186990afc767735a16f8cd"}
,"C:\\xampp2\\htdocs\\code interviews\\rtcamp\\src\\projectDefaults.js": {"path":"C:\\xampp2\\htdocs\\code interviews\\rtcamp\\src\\projectDefaults.js","statementMap":{"0":{"start":{"line":2,"column":24},"end":{"line":31,"column":1}},"1":{"start":{"line":5,"column":8},"end":{"line":10,"column":9}},"2":{"start":{"line":6,"column":12},"end":{"line":6,"column":51}},"3":{"start":{"line":7,"column":12},"end":{"line":7,"column":72}},"4":{"start":{"line":8,"column":12},"end":{"line":8,"column":68}},"5":{"start":{"line":9,"column":12},"end":{"line":9,"column":32}},"6":{"start":{"line":11,"column":8},"end":{"line":11,"column":20}},"7":{"start":{"line":15,"column":18},"end":{"line":15,"column":40}},"8":{"start":{"line":16,"column":18},"end":{"line":16,"column":41}},"9":{"start":{"line":17,"column":8},"end":{"line":17,"column":74}},"10":{"start":{"line":20,"column":8},"end":{"line":20,"column":63}},"11":{"start":{"line":23,"column":8},"end":{"line":23,"column":69}},"12":{"start":{"line":23,"column":59},"end":{"line":23,"column":69}},"13":{"start":{"line":26,"column":18},"end":{"line":26,"column":77}},"14":{"start":{"line":27,"column":8},"end":{"line":27,"column":31}},"15":{"start":{"line":28,"column":8},"end":{"line":28,"column":56}}},"fnMap":{"0":{"name":"(anonymous_0)","decl":{"start":{"line":4,"column":38},"end":{"line":4,"column":39}},"loc":{"start":{"line":4,"column":48},"end":{"line":12,"column":5}},"line":4},"1":{"name":"(anonymous_1)","decl":{"start":{"line":13,"column":16},"end":{"line":13,"column":17}},"loc":{"start":{"line":13,"column":35},"end":{"line":18,"column":5}},"line":13},"2":{"name":"(anonymous_2)","decl":{"start":{"line":19,"column":16},"end":{"line":19,"column":17}},"loc":{"start":{"line":19,"column":35},"end":{"line":21,"column":5}},"line":19},"3":{"name":"(anonymous_3)","decl":{"start":{"line":22,"column":22},"end":{"line":22,"column":23}},"loc":{"start":{"line":22,"column":42},"end":{"line":30,"column":5}},"line":22}},"branchMap":{"0":{"loc":{"start":{"line":23,"column":8},"end":{"line":23,"column":69}},"type":"if","locations":[{"start":{"line":23,"column":8},"end":{"line":23,"column":69}},{"start":{},"end":{}}],"line":23},"1":{"loc":{"start":{"line":23,"column":12},"end":{"line":23,"column":57}},"type":"binary-expr","locations":[{"start":{"line":23,"column":12},"end":{"line":23,"column":21}},{"start":{"line":23,"column":25},"end":{"line":23,"column":38}},{"start":{"line":23,"column":42},"end":{"line":23,"column":57}}],"line":23}},"s":{"0":3,"1":2,"2":2,"3":2,"4":2,"5":2,"6":2,"7":5,"8":5,"9":5,"10":9,"11":3,"12":1,"13":2,"14":2,"15":2},"f":{"0":2,"1":5,"2":9,"3":3},"b":{"0":[1,2],"1":[3,2,2]},"_coverageSchema":"1a1c01bbd47fc00a2c39e90264f33305004495a9","hash":"8fbb093d908b47f7887026823fcdd60a2e9ac375"}
,"C:\\xampp2\\htdocs\\code interviews\\rtcamp\\src\\__test__\\constants.js": {"path":"C:\\xampp2\\htdocs\\code interviews\\rtcamp\\src\\__test__\\constants.js","statementMap":{"0":{"start":{"line":1,"column":21},"end":{"line":1,"column":2743}},"1":{"start":{"line":3,"column":44},"end":{"line":3,"column":2760}}},"fnMap":{},"branchMap":{},"s":{"0":2,"1":2},"f":{},"b":{},"_coverageSchema":"1a1c01bbd47fc00a2c39e90264f33305004495a9","hash":"dc6c402e5def0fe20d865d2034a5c20ac8ebda63"}
}
