TN:
SF:src\App.js
FN:8,(anonymous_0)
FN:10,handleEventClick
FN:18,(anonymous_2)
FNF:3
FNH:2
FNDA:3,(anonymous_0)
FNDA:0,handleEventClick
FNDA:1,(anonymous_2)
DA:8,1
DA:11,0
DA:13,0
DA:14,0
DA:16,3
DA:17,3
DA:18,3
DA:19,1
DA:20,1
DA:21,1
DA:24,3
LF:11
LH:8
BRF:0
BRH:0
end_of_record
TN:
SF:src\EventDetails.js
FN:5,(anonymous_0)
FN:8,(anonymous_1)
FNF:2
FNH:2
FNDA:7,(anonymous_0)
FNDA:3,(anonymous_1)
DA:5,2
DA:6,7
DA:8,7
DA:9,3
DA:10,2
DA:11,1
DA:12,1
DA:14,1
DA:19,7
LF:9
LH:9
BRDA:9,0,0,2
BRDA:9,0,1,1
BRDA:10,1,0,1
BRDA:10,1,1,1
BRDA:10,2,0,2
BRDA:10,2,1,1
BRDA:22,3,0,3
BRDA:22,3,1,4
BRF:8
BRH:8
end_of_record
TN:
SF:src\projectDefaults.js
FN:4,(anonymous_0)
FN:13,(anonymous_1)
FN:19,(anonymous_2)
FN:22,(anonymous_3)
FNF:4
FNH:4
FNDA:2,(anonymous_0)
FNDA:5,(anonymous_1)
FNDA:9,(anonymous_2)
FNDA:3,(anonymous_3)
DA:2,3
DA:5,2
DA:6,2
DA:7,2
DA:8,2
DA:9,2
DA:11,2
DA:15,5
DA:16,5
DA:17,5
DA:20,9
DA:23,3
DA:26,2
DA:27,2
DA:28,2
LF:15
LH:15
BRDA:23,0,0,1
BRDA:23,0,1,2
BRDA:23,1,0,3
BRDA:23,1,1,2
BRDA:23,1,2,2
BRF:5
BRH:5
end_of_record
TN:
SF:src\__test__\constants.js
FNF:0
FNH:0
DA:1,2
DA:3,2
LF:2
LH:2
BRF:0
BRH:0
end_of_record
